<?xml version="1.0" encoding="UTF-8"?>
<coverage generated="1674213532025" clover="3.2.0">
  <project timestamp="1674213532025" name="All files">
    <metrics statements="12" coveredstatements="6" conditionals="2" coveredconditionals="2" methods="5" coveredmethods="2" elements="19" coveredelements="10" complexity="0" loc="12" ncloc="12" packages="1" files="1" classes="1"/>
    <file name="exercises.js" path="/Users/noelfernandez/Development/testing/writing-unit-tests-lab-2/exercises.js">
      <metrics statements="12" coveredstatements="6" conditionals="2" coveredconditionals="2" methods="5" coveredmethods="2"/>
      <line num="2" count="0" type="stmt"/>
      <line num="3" count="0" type="stmt"/>
      <line num="4" count="0" type="stmt"/>
      <line num="5" count="0" type="stmt"/>
      <line num="6" count="0" type="stmt"/>
      <line num="8" count="0" type="stmt"/>
      <line num="12" count="2" type="stmt"/>
      <line num="13" count="2" type="stmt"/>
      <line num="14" count="8" type="cond" truecount="2" falsecount="0"/>
      <line num="15" count="3" type="stmt"/>
      <line num="18" count="2" type="stmt"/>
      <line num="29" count="1" type="stmt"/>
    </file>
  </project>
</coverage>
